<?xml version="1.0" encoding="UTF-8"?>
<testng-results skipped="0" failed="0" ignored="0" total="1" passed="1">
  <reporter-output>
  </reporter-output>
  <suite name="Surefire suite" duration-ms="56" started-at="2020-03-05T12:28:19 IST" finished-at="2020-03-05T12:28:19 IST">
    <groups>
    </groups>
    <test name="Surefire test" duration-ms="56" started-at="2020-03-05T12:28:19 IST" finished-at="2020-03-05T12:28:19 IST">
      <class name="com.test.utilities.TestEnv">
        <test-method status="PASS" signature="beforeTest(java.lang.String)[pri:0, instance:com.test.utilities.TestEnv@56ac3a89]" name="beforeTest" is-config="true" duration-ms="30" started-at="2020-03-05T12:28:19 IST" finished-at="2020-03-05T12:28:19 IST">
          <params>
            <param index="0">
              <value>
                <![CDATA[dev]]>
              </value>
            </param>
          </params>
          <reporter-output>
          </reporter-output>
        </test-method> <!-- beforeTest -->
        <test-method status="PASS" signature="functionalTest()[pri:0, instance:com.test.utilities.TestEnv@56ac3a89]" name="functionalTest" duration-ms="7" started-at="2020-03-05T12:28:19 IST" finished-at="2020-03-05T12:28:19 IST">
          <reporter-output>
          </reporter-output>
        </test-method> <!-- functionalTest -->
      </class> <!-- com.test.utilities.TestEnv -->
    </test> <!-- Surefire test -->
  </suite> <!-- Surefire suite -->
</testng-results>
